TN:
SF:/Users/helgaann/Documents/C2_s21_stringplus-1/src/s21_c#_functions.c
FN:22,39,s21_to_upper
FN:3,20,s21_to_lower
FN:41,65,s21_insert
FN:67,115,s21_trim
FNDA:7,s21_to_upper
FNDA:7,s21_to_lower
FNDA:10,s21_insert
FNDA:9,s21_trim
FNF:4
FNH:4
DA:3,7
DA:4,7
DA:5,7
DA:6,6
DA:7,6
DA:8,6
DA:9,83
DA:10,77
DA:11,37
DA:13,40
DA:16,6
DA:19,7
DA:22,7
DA:23,7
DA:24,7
DA:25,6
DA:26,6
DA:27,6
DA:28,83
DA:29,77
DA:30,37
DA:32,40
DA:35,6
DA:38,7
DA:41,10
DA:42,10
DA:43,10
DA:44,6
DA:45,6
DA:46,6
DA:47,6
DA:48,3
DA:50,6
DA:51,3
DA:52,51
DA:53,48
DA:54,25
DA:55,25
DA:57,23
DA:58,23
DA:61,3
DA:64,10
DA:67,9
DA:68,9
DA:69,9
DA:70,10
DA:71,3
DA:72,3
DA:73,3
DA:74,3
DA:75,3
DA:76,8
DA:77,5
DA:78,19
DA:79,14
DA:80,2
DA:83,5
DA:84,3
DA:85,3
DA:88,8
DA:89,5
DA:90,18
DA:91,13
DA:92,2
DA:95,5
DA:96,3
DA:97,3
DA:100,30
DA:101,27
DA:103,3
DA:106,4
DA:107,4
DA:108,14
DA:109,10
DA:111,4
DA:114,9
LF:76
LH:76
end_of_record
TN:
SF:/Users/helgaann/Documents/C2_s21_stringplus-1/src/s21_mem.c
FN:11,22,s21_memchr
FN:24,35,s21_memcmp
FN:3,10,s21_memcpy
FN:37,43,s21_memset
FNDA:16,s21_memchr
FNDA:16,s21_memcmp
FNDA:10,s21_memcpy
FNDA:6,s21_memset
FNF:4
FNH:4
DA:3,10
DA:4,10
DA:5,10
DA:6,37
DA:7,27
DA:9,10
DA:11,16
DA:12,16
DA:13,16
DA:14,148
DA:15,142
DA:16,10
DA:17,10
DA:21,16
DA:24,16
DA:25,16
DA:26,16
DA:27,16
DA:28,337
DA:29,324
DA:30,3
DA:31,3
DA:34,16
DA:37,6
DA:38,6
DA:39,35
DA:40,29
DA:42,6
LF:28
LH:28
end_of_record
TN:
SF:/Users/helgaann/Documents/C2_s21_stringplus-1/src/s21_sprintf.c
FN:145,163,set_length
FN:165,206,parsing_func
FN:208,280,befor_dec
FN:282,323,spec_decimal
FN:325,354,s21_itoa
FN:35,59,set_flags
FN:356,429,spec_float
FN:431,468,s21_utoaf
FN:470,486,spec_char
FN:488,491,ch2str
FN:492,505,space2str
FN:5,33,s21_sprintf
FN:507,567,spec_string
FN:569,609,spec_pointer
FN:61,65,s21_is_digit
FN:611,621,get_len_num
FN:622,631,s21_utoa
FN:632,669,spec_unsign
FN:66,73,s21_get_number
FN:74,144,get_width_accuracy
FNDA:109,set_length
FNDA:109,parsing_func
FNDA:32,befor_dec
FNDA:32,spec_decimal
FNDA:32,s21_itoa
FNDA:65,set_flags
FNDA:24,spec_float
FNDA:24,s21_utoaf
FNDA:9,spec_char
FNDA:90,ch2str
FNDA:39,space2str
FNDA:103,s21_sprintf
FNDA:15,spec_string
FNDA:11,spec_pointer
FNDA:351,s21_is_digit
FNDA:18,get_len_num
FNDA:18,s21_utoa
FNDA:18,spec_unsign
FNDA:113,s21_get_number
FNDA:109,get_width_accuracy
FNF:20
FNH:20
DA:5,103
DA:7,103
DA:8,103
DA:9,633
DA:10,530
DA:11,109
DA:12,109
DA:13,174
DA:14,123
DA:15,65
DA:16,65
DA:18,109
DA:19,109
DA:20,109
DA:21,109
DA:23,421
DA:24,421
DA:26,530
DA:29,103
DA:31,103
DA:32,103
DA:35,65
DA:36,65
DA:37,17
DA:38,17
DA:39,17
DA:40,18
DA:41,18
DA:42,18
DA:43,16
DA:44,26
DA:45,15
DA:46,3
DA:47,7
DA:48,16
DA:49,14
DA:50,14
DA:51,14
DA:52,0
DA:53,0
DA:56,65
DA:57,65
DA:58,65
DA:61,351
DA:62,351
DA:63,351
DA:64,351
DA:66,113
DA:67,113
DA:68,260
DA:69,147
DA:70,147
DA:72,113
DA:74,109
DA:75,109
DA:76,109
DA:77,109
DA:78,109
DA:79,109
DA:80,109
DA:81,194
DA:82,131
DA:83,46
DA:84,46
DA:85,46
DA:88,109
DA:89,109
DA:90,46
DA:91,89
DA:92,54
DA:93,54
DA:94,54
DA:95,54
DA:97,54
DA:98,54
DA:100,35
DA:101,0
DA:102,0
DA:105,11
DA:106,46
DA:107,19
DA:108,46
DA:109,0
DA:110,0
DA:112,77
DA:113,31
DA:114,31
DA:115,31
DA:116,31
DA:118,31
DA:119,31
DA:121,46
DA:122,1
DA:123,45
DA:124,35
DA:126,10
DA:128,91
DA:129,28
DA:130,28
DA:131,28
DA:132,28
DA:134,28
DA:135,28
DA:137,63
DA:138,0
DA:139,0
DA:142,109
DA:143,109
DA:145,109
DA:146,486
DA:147,377
DA:148,10
DA:149,6
DA:150,3
DA:151,7
DA:152,7
DA:153,370
DA:154,0
DA:155,0
DA:156,0
DA:157,0
DA:158,0
DA:159,0
DA:162,109
DA:165,109
DA:169,109
DA:170,2
DA:171,2
DA:172,2
DA:173,32
DA:175,32
DA:176,2
DA:177,2
DA:178,30
DA:179,2
DA:180,2
DA:182,28
DA:183,28
DA:185,32
DA:186,7
DA:187,7
DA:188,7
DA:189,18
DA:190,18
DA:191,18
DA:192,11
DA:193,11
DA:194,11
DA:195,15
DA:196,15
DA:197,15
DA:198,24
DA:199,24
DA:200,24
DA:201,24
DA:203,0
DA:204,0
DA:206,109
DA:208,32
DA:210,32
DA:211,32
DA:212,32
DA:213,0
DA:214,0
DA:216,32
DA:217,2
DA:218,0
DA:219,0
DA:220,0
DA:222,2
DA:223,0
DA:224,0
DA:225,0
DA:227,2
DA:228,0
DA:229,0
DA:230,0
DA:233,2
DA:235,2
DA:236,2
DA:238,6
DA:239,4
DA:240,4
DA:243,32
DA:244,4
DA:245,4
DA:246,4
DA:247,4
DA:248,4
DA:249,4
DA:250,4
DA:252,4
DA:253,2
DA:254,0
DA:255,0
DA:256,0
DA:259,8
DA:260,4
DA:261,4
DA:262,4
DA:264,0
DA:265,0
DA:266,0
DA:267,0
DA:269,0
DA:270,0
DA:271,0
DA:272,0
DA:273,0
DA:274,0
DA:275,0
DA:279,32
DA:282,32
DA:283,32
DA:284,32
DA:285,32
DA:286,32
DA:287,32
DA:288,157
DA:289,125
DA:290,125
DA:292,32
DA:293,32
DA:294,32
DA:295,32
DA:296,32
DA:297,32
DA:298,32
DA:300,32
DA:301,0
DA:302,32
DA:304,0
DA:305,0
DA:307,175
DA:308,143
DA:309,143
DA:312,32
DA:313,2
DA:314,10
DA:315,8
DA:316,8
DA:319,32
DA:320,32
DA:321,32
DA:322,32
DA:325,32
DA:329,32
DA:330,32
DA:331,21
DA:333,32
DA:336,126
DA:337,126
DA:338,190
DA:339,158
DA:341,32
DA:342,2
DA:343,2
DA:344,2
DA:345,32
DA:346,32
DA:347,0
DA:348,32
DA:349,0
DA:350,0
DA:352,32
DA:353,32
DA:356,24
DA:357,24
DA:358,24
DA:359,24
DA:361,24
DA:362,24
DA:363,24
DA:364,24
DA:365,24
DA:366,5
DA:367,5
DA:369,24
DA:370,24
DA:371,24
DA:372,24
DA:373,24
DA:374,149
DA:375,125
DA:376,125
DA:378,143
DA:379,119
DA:380,119
DA:382,24
DA:383,24
DA:385,24
DA:386,24
DA:387,24
DA:388,24
DA:390,24
DA:391,24
DA:392,24
DA:393,24
DA:394,65
DA:395,48
DA:396,48
DA:397,48
DA:399,7
DA:400,0
DA:401,0
DA:402,0
DA:403,0
DA:404,0
DA:405,0
DA:406,0
DA:407,0
DA:408,0
DA:410,0
DA:411,0
DA:412,0
DA:413,0
DA:416,311
DA:417,287
DA:418,287
DA:420,24
DA:421,82
DA:422,75
DA:423,75
DA:424,75
DA:427,24
DA:428,24
DA:431,24
DA:433,24
DA:434,24
DA:435,24
DA:437,24
DA:439,119
DA:440,119
DA:441,24
DA:442,5
DA:444,19
DA:447,127
DA:448,127
DA:449,24
DA:450,24
DA:451,12
DA:452,12
DA:453,12
DA:454,4
DA:455,4
DA:456,8
DA:457,1
DA:458,1
DA:460,294
DA:461,270
DA:462,270
DA:465,24
DA:466,24
DA:467,24
DA:470,9
DA:471,9
DA:472,1
DA:474,9
DA:475,9
DA:477,9
DA:478,8
DA:479,0
DA:481,8
DA:483,9
DA:484,9
DA:485,9
DA:488,90
DA:489,90
DA:490,90
DA:491,90
DA:492,39
DA:493,39
DA:494,19
DA:496,101
DA:497,81
DA:498,17
DA:500,64
DA:502,81
DA:504,20
DA:507,15
DA:508,15
DA:509,15
DA:510,15
DA:511,0
DA:513,15
DA:515,15
DA:516,15
DA:517,1
DA:518,14
DA:519,4
DA:520,2
DA:521,12
DA:522,0
DA:523,0
DA:524,0
DA:525,12
DA:526,1
DA:527,1
DA:528,11
DA:529,1
DA:530,10
DA:531,0
DA:532,10
DA:533,0
DA:534,0
DA:535,0
DA:536,10
DA:537,2
DA:538,8
DA:539,8
DA:540,2
DA:541,2
DA:544,15
DA:545,10
DA:546,8
DA:547,0
DA:549,8
DA:551,2
DA:552,2
DA:554,13
DA:555,86
DA:556,73
DA:557,0
DA:559,73
DA:561,13
DA:563,15
DA:565,15
DA:566,15
DA:569,11
DA:574,11
DA:575,0
DA:576,0
DA:578,11
DA:580,11
DA:581,11
DA:583,98
DA:584,98
DA:585,98
DA:587,11
DA:588,11
DA:590,11
DA:591,11
DA:592,11
DA:593,12
DA:594,11
DA:596,1
DA:597,1
DA:599,10
DA:600,119
DA:601,109
DA:603,10
DA:607,11
DA:608,11
DA:611,18
DA:612,18
DA:614,18
DA:616,122
DA:617,104
DA:618,104
DA:620,18
DA:622,18
DA:623,18
DA:625,18
DA:626,125
DA:627,107
DA:628,107
DA:630,18
DA:632,18
DA:633,18
DA:634,2
DA:635,16
DA:636,1
DA:638,15
DA:640,18
DA:641,18
DA:642,18
DA:644,18
DA:645,18
DA:647,18
DA:649,18
DA:650,18
DA:651,4
DA:652,20
DA:653,4
DA:654,14
DA:655,17
DA:656,2
DA:657,12
DA:658,2
DA:660,88
DA:661,12
DA:663,18
DA:664,18
DA:666,18
DA:667,18
DA:668,18
LF:496
LH:423
end_of_record
TN:
SF:/Users/helgaann/Documents/C2_s21_stringplus-1/src/s21_strerror.c
FN:4,21,s21_strerror
FNDA:4,s21_strerror
FNF:1
FNH:1
DA:4,4
DA:5,4
DA:7,4
DA:8,2
DA:16,2
DA:17,2
DA:20,4
LF:7
LH:7
end_of_record
TN:
SF:/Users/helgaann/Documents/C2_s21_stringplus-1/src/s21_string.c
FN:107,119,s21_strcpy
FN:121,127,s21_strspn
FN:130,149,s21_strtok
FN:151,160,s21_strcat
FN:161,173,s21_strrchr
FN:17,24,s21_strlen
FN:25,34,s21_strcspn
FN:3,15,s21_strncat
FN:35,46,s21_strpbrk
FN:47,56,s21_strchr
FN:58,68,s21_strncmp
FN:70,77,s21_strncpy
FN:79,105,s21_strstr
FNDA:10,s21_strcpy
FNDA:69,s21_strspn
FNDA:57,s21_strtok
FNDA:123,s21_strcat
FNDA:8,s21_strrchr
FNDA:1438,s21_strlen
FNDA:12,s21_strcspn
FNDA:15,s21_strncat
FNDA:43,s21_strpbrk
FNDA:420,s21_strchr
FNDA:9,s21_strncmp
FNDA:6,s21_strncpy
FNDA:13,s21_strstr
FNF:13
FNH:13
DA:3,15
DA:4,15
DA:5,15
DA:6,163
DA:7,148
DA:9,51
DA:10,36
DA:11,36
DA:13,15
DA:14,15
DA:17,1438
DA:18,1438
DA:19,15563
DA:20,14125
DA:21,14125
DA:23,1438
DA:25,12
DA:26,12
DA:27,25
DA:28,22
DA:29,13
DA:31,9
DA:33,12
DA:35,43
DA:36,43
DA:37,43
DA:38,244
DA:39,235
DA:40,34
DA:41,34
DA:43,201
DA:45,43
DA:47,420
DA:48,420
DA:49,1318
DA:50,898
DA:52,420
DA:53,162
DA:55,420
DA:58,9
DA:60,55
DA:61,52
DA:62,52
DA:63,52
DA:64,49
DA:65,46
DA:67,6
DA:70,6
DA:71,6
DA:72,84
DA:73,78
DA:75,6
DA:76,6
DA:79,13
DA:80,13
DA:81,13
DA:82,13
DA:83,13
DA:84,3
DA:86,68
DA:87,64
DA:88,12
DA:89,70
DA:90,58
DA:91,11
DA:94,12
DA:95,6
DA:97,6
DA:98,6
DA:99,6
DA:104,13
DA:107,10
DA:108,10
DA:109,0
DA:111,10
DA:112,66
DA:113,56
DA:114,56
DA:115,56
DA:117,10
DA:118,10
DA:121,69
DA:122,69
DA:123,183
DA:124,114
DA:126,69
DA:130,57
DA:131,57
DA:132,57
DA:134,57
DA:135,57
DA:136,20
DA:137,20
DA:140,37
DA:141,37
DA:142,37
DA:143,6
DA:145,31
DA:146,31
DA:148,37
DA:151,123
DA:152,123
DA:153,123
DA:155,544
DA:156,421
DA:159,123
DA:161,8
DA:162,8
DA:163,8
DA:164,113
DA:165,105
DA:166,4
DA:169,8
DA:170,1
DA:172,8
LF:115
LH:114
end_of_record
TN:
SF:/Users/helgaann/Documents/C2_s21_stringplus-1/src/test_main.c
FN:3,49,main
FNDA:1,main
FNF:1
FNH:1
DA:3,1
DA:4,1
DA:5,1
DA:6,1
DA:7,1
DA:8,1
DA:9,1
DA:10,1
DA:11,1
DA:12,1
DA:13,1
DA:14,1
DA:15,1
DA:16,1
DA:17,1
DA:18,1
DA:19,1
DA:20,1
DA:21,1
DA:22,1
DA:23,1
DA:24,1
DA:25,1
DA:26,1
DA:27,1
DA:28,1
DA:29,1
DA:30,1
DA:31,1
DA:32,1
DA:33,1
DA:34,1
DA:37,31
DA:38,30
DA:40,30
DA:41,30
DA:43,30
DA:44,30
DA:46,1
DA:48,1
LF:40
LH:40
end_of_record
TN:
SF:/Users/helgaann/Documents/C2_s21_stringplus-1/src/tests/test_insert.c
FN:102,110,test_insert_10_fn
FN:113,130,test_insert
FN:14,22,test_insert_2_fn
FN:25,33,test_insert_3_fn
FN:3,11,test_insert_1_fn
FN:36,44,test_insert_4_fn
FN:47,55,test_insert_5_fn
FN:58,66,test_insert_6_fn
FN:69,77,test_insert_7_fn
FN:80,88,test_insert_8_fn
FN:91,99,test_insert_9_fn
FNDA:1,test_insert_10_fn
FNDA:1,test_insert
FNDA:1,test_insert_2_fn
FNDA:1,test_insert_3_fn
FNDA:1,test_insert_1_fn
FNDA:1,test_insert_4_fn
FNDA:1,test_insert_5_fn
FNDA:1,test_insert_6_fn
FNDA:1,test_insert_7_fn
FNDA:1,test_insert_8_fn
FNDA:1,test_insert_9_fn
FNF:11
FNH:11
DA:3,1
DA:4,1
DA:5,1
DA:6,1
DA:7,1
DA:8,1
DA:9,1
DA:10,1
DA:11,1
DA:14,1
DA:15,1
DA:16,1
DA:17,1
DA:18,1
DA:19,1
DA:20,1
DA:21,1
DA:22,1
DA:25,1
DA:26,1
DA:27,1
DA:28,1
DA:29,1
DA:30,1
DA:31,1
DA:32,1
DA:33,1
DA:36,1
DA:37,1
DA:38,1
DA:39,1
DA:40,1
DA:41,1
DA:42,1
DA:43,1
DA:44,1
DA:47,1
DA:48,1
DA:49,1
DA:50,1
DA:51,1
DA:52,1
DA:53,1
DA:54,1
DA:55,1
DA:58,1
DA:59,1
DA:60,1
DA:61,1
DA:62,1
DA:63,1
DA:64,1
DA:65,1
DA:66,1
DA:69,1
DA:70,1
DA:71,1
DA:72,1
DA:73,1
DA:74,1
DA:75,1
DA:76,1
DA:77,1
DA:80,1
DA:81,1
DA:82,1
DA:83,1
DA:84,1
DA:85,1
DA:86,1
DA:87,1
DA:88,1
DA:91,1
DA:92,1
DA:93,1
DA:94,1
DA:95,1
DA:96,1
DA:97,1
DA:98,1
DA:99,1
DA:102,1
DA:103,1
DA:104,1
DA:105,1
DA:106,1
DA:107,1
DA:108,1
DA:109,1
DA:110,1
DA:113,1
DA:114,1
DA:115,1
DA:117,1
DA:118,1
DA:119,1
DA:120,1
DA:121,1
DA:122,1
DA:123,1
DA:124,1
DA:125,1
DA:126,1
DA:128,1
DA:129,1
LF:105
LH:105
end_of_record
TN:
SF:/Users/helgaann/Documents/C2_s21_stringplus-1/src/tests/test_memchr.c
FN:11,16,memchr_2_fn
FN:19,24,memchr_3_fn
FN:27,32,memchr_4_fn
FN:3,8,memchr_1_fn
FN:35,40,memchr_5_fn
FN:43,48,memchr_6_fn
FN:51,56,memchr_7_fn
FN:59,64,memchr_8_fn
FN:67,72,memchr_9_fn
FN:75,80,memchr_10_fn
FN:83,101,test_memchr
FNDA:1,memchr_2_fn
FNDA:1,memchr_3_fn
FNDA:1,memchr_4_fn
FNDA:1,memchr_1_fn
FNDA:1,memchr_5_fn
FNDA:1,memchr_6_fn
FNDA:1,memchr_7_fn
FNDA:1,memchr_8_fn
FNDA:1,memchr_9_fn
FNDA:1,memchr_10_fn
FNDA:1,test_memchr
FNF:11
FNH:11
DA:3,1
DA:4,1
DA:5,1
DA:6,1
DA:7,1
DA:8,1
DA:11,1
DA:12,1
DA:13,1
DA:14,1
DA:15,1
DA:16,1
DA:19,1
DA:20,1
DA:21,1
DA:22,1
DA:23,1
DA:24,1
DA:27,1
DA:28,1
DA:29,1
DA:30,1
DA:31,1
DA:32,1
DA:35,1
DA:36,1
DA:37,1
DA:38,1
DA:39,1
DA:40,1
DA:43,1
DA:44,1
DA:45,1
DA:46,1
DA:47,1
DA:48,1
DA:51,1
DA:52,1
DA:53,1
DA:54,1
DA:55,1
DA:56,1
DA:59,1
DA:60,1
DA:61,1
DA:62,1
DA:63,1
DA:64,1
DA:67,1
DA:68,1
DA:69,1
DA:70,1
DA:71,1
DA:72,1
DA:75,1
DA:76,1
DA:77,1
DA:78,1
DA:79,1
DA:80,1
DA:83,1
DA:84,1
DA:85,1
DA:87,1
DA:88,1
DA:89,1
DA:90,1
DA:91,1
DA:92,1
DA:93,1
DA:94,1
DA:95,1
DA:96,1
DA:97,1
DA:99,1
DA:100,1
LF:76
LH:76
end_of_record
TN:
SF:/Users/helgaann/Documents/C2_s21_stringplus-1/src/tests/test_memcmp.c
FN:111,120,memcmp_10_fn
FN:123,132,memcmp_11_fn
FN:135,144,memcmp_12_fn
FN:147,156,memcmp_13_fn
FN:15,24,memcmp_2_fn
FN:159,172,memcmp_14_fn
FN:175,188,memcmp_15_fn
FN:191,200,memcmp_16_fn
FN:203,226,test_memcmp
FN:27,36,memcmp_3_fn
FN:3,12,memcmp_1_fn
FN:39,48,memcmp_4_fn
FN:51,60,memcmp_5_fn
FN:63,72,memcmp_6_fn
FN:75,84,memcmp_7_fn
FN:87,96,memcmp_8_fn
FN:99,108,memcmp_9_fn
FNDA:1,memcmp_10_fn
FNDA:1,memcmp_11_fn
FNDA:1,memcmp_12_fn
FNDA:1,memcmp_13_fn
FNDA:1,memcmp_2_fn
FNDA:1,memcmp_14_fn
FNDA:1,memcmp_15_fn
FNDA:1,memcmp_16_fn
FNDA:1,test_memcmp
FNDA:1,memcmp_3_fn
FNDA:1,memcmp_1_fn
FNDA:1,memcmp_4_fn
FNDA:1,memcmp_5_fn
FNDA:1,memcmp_6_fn
FNDA:1,memcmp_7_fn
FNDA:1,memcmp_8_fn
FNDA:1,memcmp_9_fn
FNF:17
FNH:17
DA:3,1
DA:4,1
DA:5,1
DA:6,1
DA:7,1
DA:8,1
DA:9,1
DA:10,1
DA:11,1
DA:12,1
DA:15,1
DA:16,1
DA:17,1
DA:18,1
DA:19,1
DA:20,1
DA:21,1
DA:22,1
DA:23,1
DA:24,1
DA:27,1
DA:28,1
DA:29,1
DA:30,1
DA:31,1
DA:32,1
DA:33,1
DA:34,1
DA:35,1
DA:36,1
DA:39,1
DA:40,1
DA:41,1
DA:42,1
DA:43,1
DA:44,1
DA:45,1
DA:46,1
DA:47,1
DA:48,1
DA:51,1
DA:52,1
DA:53,1
DA:54,1
DA:55,1
DA:56,1
DA:57,1
DA:58,1
DA:59,1
DA:60,1
DA:63,1
DA:64,1
DA:65,1
DA:66,1
DA:67,1
DA:68,1
DA:69,1
DA:70,1
DA:71,1
DA:72,1
DA:75,1
DA:76,1
DA:77,1
DA:78,1
DA:79,1
DA:80,1
DA:81,1
DA:82,1
DA:83,1
DA:84,1
DA:87,1
DA:88,1
DA:89,1
DA:90,1
DA:91,1
DA:92,1
DA:93,1
DA:94,1
DA:95,1
DA:96,1
DA:99,1
DA:100,1
DA:101,1
DA:102,1
DA:103,1
DA:104,1
DA:105,1
DA:106,1
DA:107,1
DA:108,1
DA:111,1
DA:112,1
DA:113,1
DA:114,1
DA:115,1
DA:116,1
DA:117,1
DA:118,1
DA:119,1
DA:120,1
DA:123,1
DA:124,1
DA:125,1
DA:126,1
DA:127,1
DA:128,1
DA:129,1
DA:130,1
DA:131,1
DA:132,1
DA:135,1
DA:136,1
DA:137,1
DA:138,1
DA:139,1
DA:140,1
DA:141,1
DA:142,1
DA:143,1
DA:144,1
DA:147,1
DA:148,1
DA:149,1
DA:150,1
DA:151,1
DA:152,1
DA:153,1
DA:154,1
DA:155,1
DA:156,1
DA:159,1
DA:160,1
DA:163,1
DA:166,1
DA:167,1
DA:168,1
DA:169,1
DA:170,1
DA:171,1
DA:172,1
DA:175,1
DA:176,1
DA:179,1
DA:182,1
DA:183,1
DA:184,1
DA:185,1
DA:186,1
DA:187,1
DA:188,1
DA:191,1
DA:192,1
DA:193,1
DA:194,1
DA:195,1
DA:196,1
DA:197,1
DA:198,1
DA:199,1
DA:200,1
DA:203,1
DA:204,1
DA:205,1
DA:207,1
DA:208,1
DA:209,1
DA:210,1
DA:211,1
DA:212,1
DA:213,1
DA:214,1
DA:215,1
DA:216,1
DA:217,1
DA:218,1
DA:219,1
DA:220,1
DA:221,1
DA:222,1
DA:224,1
DA:225,1
LF:181
LH:181
end_of_record
TN:
SF:/Users/helgaann/Documents/C2_s21_stringplus-1/src/tests/test_memcpy.c
FN:12,18,memcpy_2_fn
FN:21,27,memcpy_3_fn
FN:3,9,memcpy_1_fn
FN:30,36,memcpy_4_fn
FN:39,45,memcpy_5_fn
FN:48,54,memcpy_6_fn
FN:57,63,memcpy_7_fn
FN:66,72,memcpy_8_fn
FN:75,81,memcpy_9_fn
FN:84,90,memcpy_10_fn
FN:93,110,test_memcpy
FNDA:1,memcpy_2_fn
FNDA:1,memcpy_3_fn
FNDA:1,memcpy_1_fn
FNDA:1,memcpy_4_fn
FNDA:1,memcpy_5_fn
FNDA:1,memcpy_6_fn
FNDA:1,memcpy_7_fn
FNDA:1,memcpy_8_fn
FNDA:1,memcpy_9_fn
FNDA:1,memcpy_10_fn
FNDA:1,test_memcpy
FNF:11
FNH:11
DA:3,1
DA:4,1
DA:5,1
DA:6,1
DA:7,1
DA:8,1
DA:9,1
DA:12,1
DA:13,1
DA:14,1
DA:15,1
DA:16,1
DA:17,1
DA:18,1
DA:21,1
DA:22,1
DA:23,1
DA:24,1
DA:25,1
DA:26,1
DA:27,1
DA:30,1
DA:31,1
DA:32,1
DA:33,1
DA:34,1
DA:35,1
DA:36,1
DA:39,1
DA:40,1
DA:41,1
DA:42,1
DA:43,1
DA:44,1
DA:45,1
DA:48,1
DA:49,1
DA:50,1
DA:51,1
DA:52,1
DA:53,1
DA:54,1
DA:57,1
DA:58,1
DA:59,1
DA:60,1
DA:61,1
DA:62,1
DA:63,1
DA:66,1
DA:67,1
DA:68,1
DA:69,1
DA:70,1
DA:71,1
DA:72,1
DA:75,1
DA:76,1
DA:77,1
DA:78,1
DA:79,1
DA:80,1
DA:81,1
DA:84,1
DA:85,1
DA:86,1
DA:87,1
DA:88,1
DA:89,1
DA:90,1
DA:93,1
DA:94,1
DA:95,1
DA:97,1
DA:98,1
DA:99,1
DA:100,1
DA:101,1
DA:102,1
DA:103,1
DA:104,1
DA:105,1
DA:106,1
DA:108,1
DA:109,1
LF:85
LH:85
end_of_record
TN:
SF:/Users/helgaann/Documents/C2_s21_stringplus-1/src/tests/test_memset.c
FN:12,18,memset_2_fn
FN:21,27,memset_3_fn
FN:3,9,memset_1_fn
FN:30,36,memset_4_fn
FN:39,45,memset_5_fn
FN:48,54,memset_6_fn
FN:57,71,test_memset
FNDA:1,memset_2_fn
FNDA:1,memset_3_fn
FNDA:1,memset_1_fn
FNDA:1,memset_4_fn
FNDA:1,memset_5_fn
FNDA:1,memset_6_fn
FNDA:1,test_memset
FNF:7
FNH:7
DA:3,1
DA:4,1
DA:5,1
DA:6,1
DA:7,1
DA:8,1
DA:9,1
DA:12,1
DA:13,1
DA:14,1
DA:15,1
DA:16,1
DA:17,1
DA:18,1
DA:21,1
DA:22,1
DA:23,1
DA:24,1
DA:25,1
DA:26,1
DA:27,1
DA:30,1
DA:31,1
DA:32,1
DA:33,1
DA:34,1
DA:35,1
DA:36,1
DA:39,1
DA:40,1
DA:41,1
DA:42,1
DA:43,1
DA:44,1
DA:45,1
DA:48,1
DA:49,1
DA:50,1
DA:51,1
DA:52,1
DA:53,1
DA:54,1
DA:57,1
DA:58,1
DA:59,1
DA:61,1
DA:62,1
DA:63,1
DA:64,1
DA:65,1
DA:66,1
DA:67,1
DA:69,1
DA:70,1
LF:54
LH:54
end_of_record
TN:
SF:/Users/helgaann/Documents/C2_s21_stringplus-1/src/tests/test_sprintf_c.c
FN:13,20,sprintf_2_c_fn
FN:23,30,sprintf_3_c_fn
FN:3,10,sprintf_1_c_fn
FN:33,40,sprintf_4_c_fn
FN:54,61,sprintf_6_c_fn
FN:64,71,sprintf_7_c_fn
FN:74,80,sprintf_8_c_fn
FN:93,109,test_sprintf_c
FNDA:1,sprintf_2_c_fn
FNDA:1,sprintf_3_c_fn
FNDA:1,sprintf_1_c_fn
FNDA:1,sprintf_4_c_fn
FNDA:1,sprintf_6_c_fn
FNDA:1,sprintf_7_c_fn
FNDA:1,sprintf_8_c_fn
FNDA:1,test_sprintf_c
FNF:8
FNH:8
DA:3,1
DA:4,1
DA:5,1
DA:6,1
DA:7,1
DA:8,1
DA:9,1
DA:10,1
DA:13,1
DA:14,1
DA:15,1
DA:16,1
DA:17,1
DA:18,1
DA:19,1
DA:20,1
DA:23,1
DA:24,1
DA:25,1
DA:26,1
DA:27,1
DA:28,1
DA:29,1
DA:30,1
DA:33,1
DA:34,1
DA:35,1
DA:36,1
DA:37,1
DA:38,1
DA:39,1
DA:40,1
DA:54,1
DA:55,1
DA:56,1
DA:57,1
DA:58,1
DA:59,1
DA:60,1
DA:61,1
DA:64,1
DA:65,1
DA:66,1
DA:67,1
DA:68,1
DA:69,1
DA:70,1
DA:71,1
DA:74,1
DA:75,1
DA:76,1
DA:77,1
DA:78,1
DA:79,1
DA:80,1
DA:93,1
DA:94,1
DA:95,1
DA:97,1
DA:98,1
DA:99,1
DA:100,1
DA:102,1
DA:103,1
DA:104,1
DA:107,1
DA:108,1
LF:67
LH:67
end_of_record
TN:
SF:/Users/helgaann/Documents/C2_s21_stringplus-1/src/tests/test_sprintf_d.c
FN:103,110,sprintf_11_signed_fn
FN:113,120,sprintf_12_signed_fn
FN:123,130,sprintf_13_signed_fn
FN:13,20,sprintf_2_signed_fn
FN:144,151,sprintf_15_signed_fn
FN:154,175,test_sprintf_signed
FN:23,30,sprintf_3_signed_fn
FN:3,10,sprintf_1_signed_fn
FN:33,40,sprintf_4_signed_fn
FN:43,50,sprintf_5_signed_fn
FN:53,60,sprintf_6_signed_fn
FN:63,70,sprintf_7_signed_fn
FN:73,80,sprintf_8_signed_fn
FN:83,90,sprintf_9_signed_fn
FN:93,100,sprintf_10_signed_fn
FNDA:1,sprintf_11_signed_fn
FNDA:1,sprintf_12_signed_fn
FNDA:1,sprintf_13_signed_fn
FNDA:1,sprintf_2_signed_fn
FNDA:1,sprintf_15_signed_fn
FNDA:1,test_sprintf_signed
FNDA:1,sprintf_3_signed_fn
FNDA:1,sprintf_1_signed_fn
FNDA:1,sprintf_4_signed_fn
FNDA:1,sprintf_5_signed_fn
FNDA:1,sprintf_6_signed_fn
FNDA:1,sprintf_7_signed_fn
FNDA:1,sprintf_8_signed_fn
FNDA:1,sprintf_9_signed_fn
FNDA:1,sprintf_10_signed_fn
FNF:15
FNH:15
DA:3,1
DA:4,1
DA:5,1
DA:6,1
DA:7,1
DA:8,1
DA:9,1
DA:10,1
DA:13,1
DA:14,1
DA:15,1
DA:16,1
DA:17,1
DA:18,1
DA:19,1
DA:20,1
DA:23,1
DA:24,1
DA:25,1
DA:26,1
DA:27,1
DA:28,1
DA:29,1
DA:30,1
DA:33,1
DA:34,1
DA:35,1
DA:36,1
DA:37,1
DA:38,1
DA:39,1
DA:40,1
DA:43,1
DA:44,1
DA:45,1
DA:46,1
DA:47,1
DA:48,1
DA:49,1
DA:50,1
DA:53,1
DA:54,1
DA:55,1
DA:56,1
DA:57,1
DA:58,1
DA:59,1
DA:60,1
DA:63,1
DA:64,1
DA:65,1
DA:66,1
DA:67,1
DA:68,1
DA:69,1
DA:70,1
DA:73,1
DA:74,1
DA:75,1
DA:76,1
DA:77,1
DA:78,1
DA:79,1
DA:80,1
DA:83,1
DA:84,1
DA:85,1
DA:86,1
DA:87,1
DA:88,1
DA:89,1
DA:90,1
DA:93,1
DA:94,1
DA:95,1
DA:96,1
DA:97,1
DA:98,1
DA:99,1
DA:100,1
DA:103,1
DA:104,1
DA:105,1
DA:106,1
DA:107,1
DA:108,1
DA:109,1
DA:110,1
DA:113,1
DA:114,1
DA:115,1
DA:116,1
DA:117,1
DA:118,1
DA:119,1
DA:120,1
DA:123,1
DA:124,1
DA:125,1
DA:126,1
DA:127,1
DA:128,1
DA:129,1
DA:130,1
DA:144,1
DA:145,1
DA:146,1
DA:148,1
DA:150,1
DA:151,1
DA:154,1
DA:155,1
DA:156,1
DA:158,1
DA:159,1
DA:160,1
DA:161,1
DA:162,1
DA:163,1
DA:164,1
DA:165,1
DA:166,1
DA:167,1
DA:168,1
DA:169,1
DA:170,1
DA:172,1
DA:173,1
DA:174,1
LF:129
LH:129
end_of_record
TN:
SF:/Users/helgaann/Documents/C2_s21_stringplus-1/src/tests/test_sprintf_f.c
FN:103,110,sprintf_11_f_fn
FN:113,120,sprintf_12_f_fn
FN:123,130,sprintf_13_f_fn
FN:13,20,sprintf_2_f_fn
FN:133,140,sprintf_14_f_fn
FN:143,150,sprintf_15_f_fn
FN:164,171,sprintf_17_f_fn
FN:174,181,sprintf_18_f_fn
FN:184,191,sprintf_19_f_fn
FN:194,201,sprintf_20_f_fn
FN:204,211,sprintf_21_f_fn
FN:214,223,sprintf_22_f_fn
FN:226,254,test_sprintf_f
FN:23,30,sprintf_3_f_fn
FN:3,10,sprintf_1_f_fn
FN:33,40,sprintf_4_f_fn
FN:43,50,sprintf_5_f_fn
FN:53,60,sprintf_6_f_fn
FN:63,70,sprintf_7_f_fn
FN:73,80,sprintf_8_f_fn
FN:83,90,sprintf_9_f_fn
FN:93,100,sprintf_10_f_fn
FNDA:1,sprintf_11_f_fn
FNDA:1,sprintf_12_f_fn
FNDA:1,sprintf_13_f_fn
FNDA:1,sprintf_2_f_fn
FNDA:1,sprintf_14_f_fn
FNDA:1,sprintf_15_f_fn
FNDA:1,sprintf_17_f_fn
FNDA:1,sprintf_18_f_fn
FNDA:1,sprintf_19_f_fn
FNDA:1,sprintf_20_f_fn
FNDA:1,sprintf_21_f_fn
FNDA:1,sprintf_22_f_fn
FNDA:1,test_sprintf_f
FNDA:1,sprintf_3_f_fn
FNDA:1,sprintf_1_f_fn
FNDA:1,sprintf_4_f_fn
FNDA:1,sprintf_5_f_fn
FNDA:1,sprintf_6_f_fn
FNDA:1,sprintf_7_f_fn
FNDA:1,sprintf_8_f_fn
FNDA:1,sprintf_9_f_fn
FNDA:1,sprintf_10_f_fn
FNF:22
FNH:22
DA:3,1
DA:4,1
DA:5,1
DA:6,1
DA:7,1
DA:8,1
DA:9,1
DA:10,1
DA:13,1
DA:14,1
DA:15,1
DA:16,1
DA:17,1
DA:18,1
DA:19,1
DA:20,1
DA:23,1
DA:24,1
DA:25,1
DA:26,1
DA:27,1
DA:28,1
DA:29,1
DA:30,1
DA:33,1
DA:34,1
DA:35,1
DA:36,1
DA:37,1
DA:38,1
DA:39,1
DA:40,1
DA:43,1
DA:44,1
DA:45,1
DA:46,1
DA:47,1
DA:48,1
DA:49,1
DA:50,1
DA:53,1
DA:54,1
DA:55,1
DA:56,1
DA:57,1
DA:58,1
DA:59,1
DA:60,1
DA:63,1
DA:64,1
DA:65,1
DA:66,1
DA:67,1
DA:68,1
DA:69,1
DA:70,1
DA:73,1
DA:74,1
DA:75,1
DA:76,1
DA:77,1
DA:78,1
DA:79,1
DA:80,1
DA:83,1
DA:84,1
DA:85,1
DA:86,1
DA:87,1
DA:88,1
DA:89,1
DA:90,1
DA:93,1
DA:94,1
DA:95,1
DA:96,1
DA:97,1
DA:98,1
DA:99,1
DA:100,1
DA:103,1
DA:104,1
DA:105,1
DA:106,1
DA:107,1
DA:108,1
DA:109,1
DA:110,1
DA:113,1
DA:114,1
DA:115,1
DA:116,1
DA:117,1
DA:118,1
DA:119,1
DA:120,1
DA:123,1
DA:124,1
DA:125,1
DA:126,1
DA:127,1
DA:128,1
DA:129,1
DA:130,1
DA:133,1
DA:134,1
DA:135,1
DA:136,1
DA:137,1
DA:138,1
DA:139,1
DA:140,1
DA:143,1
DA:144,1
DA:145,1
DA:146,1
DA:147,1
DA:148,1
DA:149,1
DA:150,1
DA:164,1
DA:165,1
DA:166,1
DA:167,1
DA:168,1
DA:169,1
DA:170,1
DA:171,1
DA:174,1
DA:175,1
DA:176,1
DA:177,1
DA:178,1
DA:179,1
DA:180,1
DA:181,1
DA:184,1
DA:185,1
DA:186,1
DA:187,1
DA:188,1
DA:189,1
DA:190,1
DA:191,1
DA:194,1
DA:195,1
DA:196,1
DA:197,1
DA:198,1
DA:199,1
DA:200,1
DA:201,1
DA:204,1
DA:205,1
DA:206,1
DA:207,1
DA:208,1
DA:209,1
DA:210,1
DA:211,1
DA:214,1
DA:215,1
DA:216,1
DA:218,1
DA:222,1
DA:223,1
DA:226,1
DA:227,1
DA:228,1
DA:230,1
DA:231,1
DA:232,1
DA:233,1
DA:234,1
DA:235,1
DA:236,1
DA:237,1
DA:238,1
DA:239,1
DA:240,1
DA:241,1
DA:242,1
DA:243,1
DA:244,1
DA:246,1
DA:247,1
DA:248,1
DA:249,1
DA:250,1
DA:251,1
DA:252,1
DA:253,1
LF:192
LH:192
end_of_record
TN:
SF:/Users/helgaann/Documents/C2_s21_stringplus-1/src/tests/test_sprintf_i.c
FN:103,110,sprintf_11_signed_i_fn
FN:113,120,sprintf_12_signed_i_fn
FN:123,130,sprintf_13_signed_i_fn
FN:13,20,sprintf_2_signed_i_fn
FN:144,165,test_sprintf_signed_i
FN:23,30,sprintf_3_signed_i_fn
FN:3,10,sprintf_1_signed_i_fn
FN:33,40,sprintf_4_signed_i_fn
FN:43,50,sprintf_5_signed_i_fn
FN:53,60,sprintf_6_signed_i_fn
FN:63,70,sprintf_7_signed_i_fn
FN:73,80,sprintf_8_signed_i_fn
FN:83,90,sprintf_9_signed_i_fn
FN:93,100,sprintf_10_signed_i_fn
FNDA:1,sprintf_11_signed_i_fn
FNDA:1,sprintf_12_signed_i_fn
FNDA:1,sprintf_13_signed_i_fn
FNDA:1,sprintf_2_signed_i_fn
FNDA:1,test_sprintf_signed_i
FNDA:1,sprintf_3_signed_i_fn
FNDA:1,sprintf_1_signed_i_fn
FNDA:1,sprintf_4_signed_i_fn
FNDA:1,sprintf_5_signed_i_fn
FNDA:1,sprintf_6_signed_i_fn
FNDA:1,sprintf_7_signed_i_fn
FNDA:1,sprintf_8_signed_i_fn
FNDA:1,sprintf_9_signed_i_fn
FNDA:1,sprintf_10_signed_i_fn
FNF:14
FNH:14
DA:3,1
DA:4,1
DA:5,1
DA:6,1
DA:7,1
DA:8,1
DA:9,1
DA:10,1
DA:13,1
DA:14,1
DA:15,1
DA:16,1
DA:17,1
DA:18,1
DA:19,1
DA:20,1
DA:23,1
DA:24,1
DA:25,1
DA:26,1
DA:27,1
DA:28,1
DA:29,1
DA:30,1
DA:33,1
DA:34,1
DA:35,1
DA:36,1
DA:37,1
DA:38,1
DA:39,1
DA:40,1
DA:43,1
DA:44,1
DA:45,1
DA:46,1
DA:47,1
DA:48,1
DA:49,1
DA:50,1
DA:53,1
DA:54,1
DA:55,1
DA:56,1
DA:57,1
DA:58,1
DA:59,1
DA:60,1
DA:63,1
DA:64,1
DA:65,1
DA:66,1
DA:67,1
DA:68,1
DA:69,1
DA:70,1
DA:73,1
DA:74,1
DA:75,1
DA:76,1
DA:77,1
DA:78,1
DA:79,1
DA:80,1
DA:83,1
DA:84,1
DA:85,1
DA:86,1
DA:87,1
DA:88,1
DA:89,1
DA:90,1
DA:93,1
DA:94,1
DA:95,1
DA:96,1
DA:97,1
DA:98,1
DA:99,1
DA:100,1
DA:103,1
DA:104,1
DA:105,1
DA:106,1
DA:107,1
DA:108,1
DA:109,1
DA:110,1
DA:113,1
DA:114,1
DA:115,1
DA:116,1
DA:117,1
DA:118,1
DA:119,1
DA:120,1
DA:123,1
DA:124,1
DA:125,1
DA:126,1
DA:127,1
DA:128,1
DA:129,1
DA:130,1
DA:144,1
DA:145,1
DA:146,1
DA:148,1
DA:149,1
DA:150,1
DA:151,1
DA:152,1
DA:153,1
DA:154,1
DA:155,1
DA:156,1
DA:157,1
DA:158,1
DA:159,1
DA:160,1
DA:163,1
DA:164,1
LF:122
LH:122
end_of_record
TN:
SF:/Users/helgaann/Documents/C2_s21_stringplus-1/src/tests/test_sprintf_percent.c
FN:13,20,sprintf_2_percent_fn
FN:23,32,test_sprintf_percent
FN:3,10,sprintf_1_percent_fn
FNDA:1,sprintf_2_percent_fn
FNDA:1,test_sprintf_percent
FNDA:1,sprintf_1_percent_fn
FNF:3
FNH:3
DA:3,1
DA:4,1
DA:5,1
DA:6,1
DA:7,1
DA:8,1
DA:9,1
DA:10,1
DA:13,1
DA:14,1
DA:15,1
DA:16,1
DA:17,1
DA:18,1
DA:19,1
DA:20,1
DA:23,1
DA:24,1
DA:25,1
DA:27,1
DA:28,1
DA:30,1
DA:31,1
LF:23
LH:23
end_of_record
TN:
SF:/Users/helgaann/Documents/C2_s21_stringplus-1/src/tests/test_sprintf_pointer.c
FN:109,116,sprintf_11_pointer_fn
FN:13,21,sprintf_2_pointer_fn
FN:130,137,sprintf_13_pointer_fn
FN:140,160,test_sprintf_pointer
FN:24,31,sprintf_3_pointer_fn
FN:3,10,sprintf_1_pointer_fn
FN:34,44,sprintf_4_pointer_fn
FN:47,54,sprintf_5_pointer_fn
FN:57,64,sprintf_6_pointer_fn
FN:67,74,sprintf_7_pointer_fn
FN:77,84,sprintf_8_pointer_fn
FN:87,94,sprintf_9_pointer_fn
FNDA:1,sprintf_11_pointer_fn
FNDA:1,sprintf_2_pointer_fn
FNDA:1,sprintf_13_pointer_fn
FNDA:1,test_sprintf_pointer
FNDA:1,sprintf_3_pointer_fn
FNDA:1,sprintf_1_pointer_fn
FNDA:1,sprintf_4_pointer_fn
FNDA:1,sprintf_5_pointer_fn
FNDA:1,sprintf_6_pointer_fn
FNDA:1,sprintf_7_pointer_fn
FNDA:1,sprintf_8_pointer_fn
FNDA:1,sprintf_9_pointer_fn
FNF:12
FNH:12
DA:3,1
DA:4,1
DA:5,1
DA:6,1
DA:7,1
DA:8,1
DA:9,1
DA:10,1
DA:13,1
DA:14,1
DA:15,1
DA:16,1
DA:17,1
DA:19,1
DA:20,1
DA:21,1
DA:24,1
DA:25,1
DA:26,1
DA:27,1
DA:28,1
DA:29,1
DA:30,1
DA:31,1
DA:34,1
DA:35,1
DA:36,1
DA:37,1
DA:38,1
DA:42,1
DA:43,1
DA:44,1
DA:47,1
DA:48,1
DA:49,1
DA:50,1
DA:51,1
DA:52,1
DA:53,1
DA:54,1
DA:57,1
DA:58,1
DA:59,1
DA:60,1
DA:61,1
DA:62,1
DA:63,1
DA:64,1
DA:67,1
DA:68,1
DA:69,1
DA:70,1
DA:71,1
DA:72,1
DA:73,1
DA:74,1
DA:77,1
DA:78,1
DA:79,1
DA:80,1
DA:81,1
DA:82,1
DA:83,1
DA:84,1
DA:87,1
DA:88,1
DA:89,1
DA:90,1
DA:91,1
DA:92,1
DA:93,1
DA:94,1
DA:109,1
DA:110,1
DA:111,1
DA:112,1
DA:113,1
DA:114,1
DA:115,1
DA:116,1
DA:130,1
DA:131,1
DA:132,1
DA:133,1
DA:134,1
DA:135,1
DA:136,1
DA:137,1
DA:140,1
DA:141,1
DA:142,1
DA:144,1
DA:145,1
DA:146,1
DA:147,1
DA:148,1
DA:149,1
DA:150,1
DA:151,1
DA:152,1
DA:154,1
DA:156,1
DA:158,1
DA:159,1
LF:104
LH:104
end_of_record
TN:
SF:/Users/helgaann/Documents/C2_s21_stringplus-1/src/tests/test_sprintf_string.c
FN:105,112,sprintf_11_string_fn
FN:115,122,sprintf_12_string_fn
FN:125,132,sprintf_13_string_fn
FN:13,20,sprintf_2_string_fn
FN:135,142,sprintf_14_string_fn
FN:145,152,sprintf_15_string_fn
FN:155,162,sprintf_16_string_fn
FN:176,200,test_sprintf_string
FN:23,30,sprintf_3_string_fn
FN:3,10,sprintf_1_string_fn
FN:33,40,sprintf_4_string_fn
FN:43,50,sprintf_5_string_fn
FN:53,60,sprintf_6_string_fn
FN:63,70,sprintf_7_string_fn
FN:73,80,sprintf_8_string_fn
FN:83,90,sprintf_9_string_fn
FNDA:1,sprintf_11_string_fn
FNDA:1,sprintf_12_string_fn
FNDA:1,sprintf_13_string_fn
FNDA:1,sprintf_2_string_fn
FNDA:1,sprintf_14_string_fn
FNDA:1,sprintf_15_string_fn
FNDA:1,sprintf_16_string_fn
FNDA:1,test_sprintf_string
FNDA:1,sprintf_3_string_fn
FNDA:1,sprintf_1_string_fn
FNDA:1,sprintf_4_string_fn
FNDA:1,sprintf_5_string_fn
FNDA:1,sprintf_6_string_fn
FNDA:1,sprintf_7_string_fn
FNDA:1,sprintf_8_string_fn
FNDA:1,sprintf_9_string_fn
FNF:16
FNH:16
DA:3,1
DA:4,1
DA:5,1
DA:6,1
DA:7,1
DA:8,1
DA:9,1
DA:10,1
DA:13,1
DA:14,1
DA:15,1
DA:16,1
DA:17,1
DA:18,1
DA:19,1
DA:20,1
DA:23,1
DA:24,1
DA:25,1
DA:26,1
DA:27,1
DA:28,1
DA:29,1
DA:30,1
DA:33,1
DA:34,1
DA:35,1
DA:36,1
DA:37,1
DA:38,1
DA:39,1
DA:40,1
DA:43,1
DA:44,1
DA:45,1
DA:46,1
DA:47,1
DA:48,1
DA:49,1
DA:50,1
DA:53,1
DA:54,1
DA:55,1
DA:56,1
DA:57,1
DA:58,1
DA:59,1
DA:60,1
DA:63,1
DA:64,1
DA:65,1
DA:66,1
DA:67,1
DA:68,1
DA:69,1
DA:70,1
DA:73,1
DA:74,1
DA:75,1
DA:76,1
DA:77,1
DA:78,1
DA:79,1
DA:80,1
DA:83,1
DA:84,1
DA:85,1
DA:86,1
DA:87,1
DA:88,1
DA:89,1
DA:90,1
DA:105,1
DA:106,1
DA:107,1
DA:108,1
DA:109,1
DA:110,1
DA:111,1
DA:112,1
DA:115,1
DA:116,1
DA:117,1
DA:118,1
DA:119,1
DA:120,1
DA:121,1
DA:122,1
DA:125,1
DA:126,1
DA:127,1
DA:128,1
DA:129,1
DA:130,1
DA:131,1
DA:132,1
DA:135,1
DA:136,1
DA:137,1
DA:138,1
DA:139,1
DA:140,1
DA:141,1
DA:142,1
DA:145,1
DA:146,1
DA:147,1
DA:148,1
DA:149,1
DA:150,1
DA:151,1
DA:152,1
DA:155,1
DA:156,1
DA:157,1
DA:158,1
DA:159,1
DA:160,1
DA:161,1
DA:162,1
DA:176,1
DA:177,1
DA:178,1
DA:180,1
DA:181,1
DA:182,1
DA:183,1
DA:184,1
DA:185,1
DA:186,1
DA:187,1
DA:188,1
DA:190,1
DA:191,1
DA:192,1
DA:193,1
DA:194,1
DA:195,1
DA:198,1
DA:199,1
LF:140
LH:140
end_of_record
TN:
SF:/Users/helgaann/Documents/C2_s21_stringplus-1/src/tests/test_sprintf_unsigned.c
FN:107,115,sprintf_11_unsigned_fn
FN:118,126,sprintf_12_unsigned_fn
FN:129,137,sprintf_13_unsigned_fn
FN:13,20,sprintf_2_unsigned_fn
FN:140,147,sprintf_14_unsigned_fn
FN:150,158,sprintf_15_unsigned_fn
FN:161,168,sprintf_16_unsigned_fn
FN:171,178,sprintf_17_unsigned_fn
FN:181,188,sprintf_18_unsigned_fn
FN:191,216,test_sprintf_unsigned
FN:23,30,sprintf_3_unsigned_fn
FN:3,10,sprintf_1_unsigned_fn
FN:33,40,sprintf_4_unsigned_fn
FN:43,50,sprintf_5_unsigned_fn
FN:53,64,sprintf_6_unsigned_fn
FN:67,74,sprintf_7_unsigned_fn
FN:77,84,sprintf_8_unsigned_fn
FN:87,94,sprintf_9_unsigned_fn
FN:97,104,sprintf_10_unsigned_fn
FNDA:1,sprintf_11_unsigned_fn
FNDA:1,sprintf_12_unsigned_fn
FNDA:1,sprintf_13_unsigned_fn
FNDA:1,sprintf_2_unsigned_fn
FNDA:1,sprintf_14_unsigned_fn
FNDA:1,sprintf_15_unsigned_fn
FNDA:1,sprintf_16_unsigned_fn
FNDA:1,sprintf_17_unsigned_fn
FNDA:1,sprintf_18_unsigned_fn
FNDA:1,test_sprintf_unsigned
FNDA:1,sprintf_3_unsigned_fn
FNDA:1,sprintf_1_unsigned_fn
FNDA:1,sprintf_4_unsigned_fn
FNDA:1,sprintf_5_unsigned_fn
FNDA:1,sprintf_6_unsigned_fn
FNDA:1,sprintf_7_unsigned_fn
FNDA:1,sprintf_8_unsigned_fn
FNDA:1,sprintf_9_unsigned_fn
FNDA:1,sprintf_10_unsigned_fn
FNF:19
FNH:19
DA:3,1
DA:4,1
DA:5,1
DA:6,1
DA:7,1
DA:8,1
DA:9,1
DA:10,1
DA:13,1
DA:14,1
DA:15,1
DA:16,1
DA:17,1
DA:18,1
DA:19,1
DA:20,1
DA:23,1
DA:24,1
DA:25,1
DA:26,1
DA:27,1
DA:28,1
DA:29,1
DA:30,1
DA:33,1
DA:34,1
DA:35,1
DA:36,1
DA:37,1
DA:38,1
DA:39,1
DA:40,1
DA:43,1
DA:44,1
DA:45,1
DA:46,1
DA:47,1
DA:48,1
DA:49,1
DA:50,1
DA:53,1
DA:54,1
DA:55,1
DA:56,1
DA:57,1
DA:58,1
DA:59,1
DA:60,1
DA:61,1
DA:63,1
DA:64,1
DA:67,1
DA:68,1
DA:69,1
DA:70,1
DA:71,1
DA:72,1
DA:73,1
DA:74,1
DA:77,1
DA:78,1
DA:79,1
DA:80,1
DA:81,1
DA:82,1
DA:83,1
DA:84,1
DA:87,1
DA:88,1
DA:89,1
DA:90,1
DA:91,1
DA:92,1
DA:93,1
DA:94,1
DA:97,1
DA:98,1
DA:99,1
DA:100,1
DA:101,1
DA:102,1
DA:103,1
DA:104,1
DA:107,1
DA:108,1
DA:109,1
DA:110,1
DA:111,1
DA:113,1
DA:114,1
DA:115,1
DA:118,1
DA:119,1
DA:120,1
DA:121,1
DA:122,1
DA:124,1
DA:125,1
DA:126,1
DA:129,1
DA:130,1
DA:131,1
DA:132,1
DA:133,1
DA:135,1
DA:136,1
DA:137,1
DA:140,1
DA:141,1
DA:142,1
DA:143,1
DA:144,1
DA:145,1
DA:146,1
DA:147,1
DA:150,1
DA:151,1
DA:152,1
DA:153,1
DA:154,1
DA:156,1
DA:157,1
DA:158,1
DA:161,1
DA:162,1
DA:163,1
DA:164,1
DA:165,1
DA:166,1
DA:167,1
DA:168,1
DA:171,1
DA:172,1
DA:173,1
DA:174,1
DA:175,1
DA:176,1
DA:177,1
DA:178,1
DA:181,1
DA:182,1
DA:183,1
DA:184,1
DA:185,1
DA:186,1
DA:187,1
DA:188,1
DA:191,1
DA:192,1
DA:193,1
DA:195,1
DA:196,1
DA:197,1
DA:198,1
DA:199,1
DA:200,1
DA:201,1
DA:202,1
DA:203,1
DA:204,1
DA:205,1
DA:206,1
DA:207,1
DA:208,1
DA:209,1
DA:210,1
DA:211,1
DA:212,1
DA:214,1
DA:215,1
LF:170
LH:170
end_of_record
TN:
SF:/Users/helgaann/Documents/C2_s21_stringplus-1/src/tests/test_srtcpy.c
FN:11,16,strcpy_2_fn
FN:19,24,strcpy_3_fn
FN:27,32,strcpy_4_fn
FN:3,8,strcpy_1_fn
FN:35,40,strcpy_5_fn
FN:43,48,strcpy_6_fn
FN:51,56,strcpy_7_fn
FN:59,64,strcpy_8_fn
FN:67,72,strcpy_9_fn
FN:75,80,strcpy_10_fn
FN:83,100,test_strcpy
FNDA:1,strcpy_2_fn
FNDA:1,strcpy_3_fn
FNDA:1,strcpy_4_fn
FNDA:1,strcpy_1_fn
FNDA:1,strcpy_5_fn
FNDA:1,strcpy_6_fn
FNDA:1,strcpy_7_fn
FNDA:1,strcpy_8_fn
FNDA:1,strcpy_9_fn
FNDA:1,strcpy_10_fn
FNDA:1,test_strcpy
FNF:11
FNH:11
DA:3,1
DA:4,1
DA:5,1
DA:6,1
DA:7,1
DA:8,1
DA:11,1
DA:12,1
DA:13,1
DA:14,1
DA:15,1
DA:16,1
DA:19,1
DA:20,1
DA:21,1
DA:22,1
DA:23,1
DA:24,1
DA:27,1
DA:28,1
DA:29,1
DA:30,1
DA:31,1
DA:32,1
DA:35,1
DA:36,1
DA:37,1
DA:38,1
DA:39,1
DA:40,1
DA:43,1
DA:44,1
DA:45,1
DA:46,1
DA:47,1
DA:48,1
DA:51,1
DA:52,1
DA:53,1
DA:54,1
DA:55,1
DA:56,1
DA:59,1
DA:60,1
DA:61,1
DA:62,1
DA:63,1
DA:64,1
DA:67,1
DA:68,1
DA:69,1
DA:70,1
DA:71,1
DA:72,1
DA:75,1
DA:76,1
DA:77,1
DA:78,1
DA:79,1
DA:80,1
DA:83,1
DA:84,1
DA:85,1
DA:87,1
DA:88,1
DA:89,1
DA:90,1
DA:91,1
DA:92,1
DA:93,1
DA:94,1
DA:95,1
DA:96,1
DA:98,1
DA:99,1
LF:75
LH:75
end_of_record
TN:
SF:/Users/helgaann/Documents/C2_s21_stringplus-1/src/tests/test_strcat.c
FN:11,16,strcat_2_fn
FN:19,24,strcat_3_fn
FN:27,32,strcat_4_fn
FN:3,8,strcat_1_fn
FN:35,40,strcat_5_fn
FN:43,49,strcat_6_fn
FN:52,58,strcat_7_fn
FN:61,67,strcat_8_fn
FN:70,75,strcat_9_fn
FN:78,83,strcat_10_fn
FN:86,104,test_strcat
FNDA:1,strcat_2_fn
FNDA:1,strcat_3_fn
FNDA:1,strcat_4_fn
FNDA:1,strcat_1_fn
FNDA:1,strcat_5_fn
FNDA:1,strcat_6_fn
FNDA:1,strcat_7_fn
FNDA:1,strcat_8_fn
FNDA:1,strcat_9_fn
FNDA:1,strcat_10_fn
FNDA:1,test_strcat
FNF:11
FNH:11
DA:3,1
DA:4,1
DA:5,1
DA:6,1
DA:7,1
DA:8,1
DA:11,1
DA:12,1
DA:13,1
DA:14,1
DA:15,1
DA:16,1
DA:19,1
DA:20,1
DA:21,1
DA:22,1
DA:23,1
DA:24,1
DA:27,1
DA:28,1
DA:29,1
DA:30,1
DA:31,1
DA:32,1
DA:35,1
DA:36,1
DA:37,1
DA:38,1
DA:39,1
DA:40,1
DA:43,1
DA:44,1
DA:45,1
DA:46,1
DA:48,1
DA:49,1
DA:52,1
DA:53,1
DA:54,1
DA:55,1
DA:57,1
DA:58,1
DA:61,1
DA:62,1
DA:63,1
DA:64,1
DA:66,1
DA:67,1
DA:70,1
DA:71,1
DA:72,1
DA:73,1
DA:74,1
DA:75,1
DA:78,1
DA:79,1
DA:80,1
DA:81,1
DA:82,1
DA:83,1
DA:86,1
DA:87,1
DA:88,1
DA:90,1
DA:91,1
DA:92,1
DA:93,1
DA:94,1
DA:95,1
DA:96,1
DA:97,1
DA:98,1
DA:99,1
DA:100,1
DA:102,1
DA:103,1
LF:76
LH:76
end_of_record
TN:
SF:/Users/helgaann/Documents/C2_s21_stringplus-1/src/tests/test_strchr.c
FN:10,14,strchr_2_fn
FN:17,21,strchr_3_fn
FN:24,28,strchr_4_fn
FN:3,7,strchr_1_fn
FN:31,35,strchr_5_fn
FN:38,42,strchr_6_fn
FN:45,49,strchr_7_fn
FN:52,56,strchr_8_fn
FN:59,75,test_strchr
FNDA:1,strchr_2_fn
FNDA:1,strchr_3_fn
FNDA:1,strchr_4_fn
FNDA:1,strchr_1_fn
FNDA:1,strchr_5_fn
FNDA:1,strchr_6_fn
FNDA:1,strchr_7_fn
FNDA:1,strchr_8_fn
FNDA:1,test_strchr
FNF:9
FNH:9
DA:3,1
DA:4,1
DA:5,1
DA:6,1
DA:7,1
DA:10,1
DA:11,1
DA:12,1
DA:13,1
DA:14,1
DA:17,1
DA:18,1
DA:19,1
DA:20,1
DA:21,1
DA:24,1
DA:25,1
DA:26,1
DA:27,1
DA:28,1
DA:31,1
DA:32,1
DA:33,1
DA:34,1
DA:35,1
DA:38,1
DA:39,1
DA:40,1
DA:41,1
DA:42,1
DA:45,1
DA:46,1
DA:47,1
DA:48,1
DA:49,1
DA:52,1
DA:53,1
DA:54,1
DA:55,1
DA:56,1
DA:59,1
DA:60,1
DA:61,1
DA:63,1
DA:64,1
DA:65,1
DA:66,1
DA:67,1
DA:68,1
DA:69,1
DA:70,1
DA:71,1
DA:73,1
DA:74,1
LF:54
LH:54
end_of_record
TN:
SF:/Users/helgaann/Documents/C2_s21_stringplus-1/src/tests/test_strcspn.c
FN:11,17,strcspn_2_fn
FN:20,24,strcspn_3_fn
FN:27,31,strcspn_4_fn
FN:3,8,strcspn_1_fn
FN:34,38,strcspn_5_fn
FN:41,45,strcspn_6_fn
FN:48,52,strcspn_7_fn
FN:55,59,strcspn_8_fn
FN:62,66,strcspn_9_fn
FN:69,73,strcspn_10_fn
FN:76,80,strcspn_11_fn
FN:83,87,strcspn_12_fn
FN:90,109,test_strcspn
FNDA:1,strcspn_2_fn
FNDA:1,strcspn_3_fn
FNDA:1,strcspn_4_fn
FNDA:1,strcspn_1_fn
FNDA:1,strcspn_5_fn
FNDA:1,strcspn_6_fn
FNDA:1,strcspn_7_fn
FNDA:1,strcspn_8_fn
FNDA:1,strcspn_9_fn
FNDA:1,strcspn_10_fn
FNDA:1,strcspn_11_fn
FNDA:1,strcspn_12_fn
FNDA:1,test_strcspn
FNF:13
FNH:13
DA:3,1
DA:4,1
DA:6,1
DA:7,1
DA:8,1
DA:11,1
DA:12,1
DA:14,1
DA:16,1
DA:17,1
DA:20,1
DA:21,1
DA:22,1
DA:23,1
DA:24,1
DA:27,1
DA:28,1
DA:29,1
DA:30,1
DA:31,1
DA:34,1
DA:35,1
DA:36,1
DA:37,1
DA:38,1
DA:41,1
DA:42,1
DA:43,1
DA:44,1
DA:45,1
DA:48,1
DA:49,1
DA:50,1
DA:51,1
DA:52,1
DA:55,1
DA:56,1
DA:57,1
DA:58,1
DA:59,1
DA:62,1
DA:63,1
DA:64,1
DA:65,1
DA:66,1
DA:69,1
DA:70,1
DA:71,1
DA:72,1
DA:73,1
DA:76,1
DA:77,1
DA:78,1
DA:79,1
DA:80,1
DA:83,1
DA:84,1
DA:85,1
DA:86,1
DA:87,1
DA:90,1
DA:91,1
DA:92,1
DA:94,1
DA:95,1
DA:96,1
DA:97,1
DA:98,1
DA:99,1
DA:100,1
DA:101,1
DA:102,1
DA:103,1
DA:104,1
DA:105,1
DA:107,1
DA:108,1
LF:77
LH:77
end_of_record
TN:
SF:/Users/helgaann/Documents/C2_s21_stringplus-1/src/tests/test_strerror.c
FN:15,18,strerror_1_fn
FN:21,24,strerror_2_fn
FN:27,30,strerror_3_fn
FN:33,36,strerror_4_fn
FN:39,51,test_strerror
FNDA:1,strerror_1_fn
FNDA:1,strerror_2_fn
FNDA:1,strerror_3_fn
FNDA:1,strerror_4_fn
FNDA:1,test_strerror
FNF:5
FNH:5
DA:15,1
DA:16,1
DA:17,1
DA:18,1
DA:21,1
DA:22,1
DA:23,1
DA:24,1
DA:27,1
DA:28,1
DA:29,1
DA:30,1
DA:33,1
DA:34,1
DA:35,1
DA:36,1
DA:39,1
DA:40,1
DA:41,1
DA:43,1
DA:44,1
DA:45,1
DA:46,1
DA:47,1
DA:49,1
DA:50,1
LF:26
LH:26
end_of_record
TN:
SF:/Users/helgaann/Documents/C2_s21_stringplus-1/src/tests/test_strlen.c
FN:17,20,strlen_3_fn
FN:23,26,strlen_4_fn
FN:29,33,strlen_5_fn
FN:3,6,strlen_1_fn
FN:36,39,strlen_6_fn
FN:42,45,strlen_7_fn
FN:48,51,strlen_8_fn
FN:54,57,strlen_9_fn
FN:60,63,strlen_10_fn
FN:66,69,strlen_11_fn
FN:72,75,strlen_12_fn
FN:78,81,strlen_13_fn
FN:84,87,strlen_14_fn
FN:9,14,strlen_2_fn
FN:90,111,test_strlen
FNDA:1,strlen_3_fn
FNDA:1,strlen_4_fn
FNDA:1,strlen_5_fn
FNDA:1,strlen_1_fn
FNDA:1,strlen_6_fn
FNDA:1,strlen_7_fn
FNDA:1,strlen_8_fn
FNDA:1,strlen_9_fn
FNDA:1,strlen_10_fn
FNDA:1,strlen_11_fn
FNDA:1,strlen_12_fn
FNDA:1,strlen_13_fn
FNDA:1,strlen_14_fn
FNDA:1,strlen_2_fn
FNDA:1,test_strlen
FNF:15
FNH:15
DA:3,1
DA:4,1
DA:5,1
DA:6,1
DA:9,1
DA:10,1
DA:13,1
DA:14,1
DA:17,1
DA:18,1
DA:19,1
DA:20,1
DA:23,1
DA:24,1
DA:25,1
DA:26,1
DA:29,1
DA:30,1
DA:32,1
DA:33,1
DA:36,1
DA:37,1
DA:38,1
DA:39,1
DA:42,1
DA:43,1
DA:44,1
DA:45,1
DA:48,1
DA:49,1
DA:50,1
DA:51,1
DA:54,1
DA:55,1
DA:56,1
DA:57,1
DA:60,1
DA:61,1
DA:62,1
DA:63,1
DA:66,1
DA:67,1
DA:68,1
DA:69,1
DA:72,1
DA:73,1
DA:74,1
DA:75,1
DA:78,1
DA:79,1
DA:80,1
DA:81,1
DA:84,1
DA:85,1
DA:86,1
DA:87,1
DA:90,1
DA:91,1
DA:92,1
DA:94,1
DA:95,1
DA:96,1
DA:97,1
DA:98,1
DA:99,1
DA:100,1
DA:101,1
DA:102,1
DA:103,1
DA:104,1
DA:105,1
DA:106,1
DA:107,1
DA:109,1
DA:110,1
LF:75
LH:75
end_of_record
TN:
SF:/Users/helgaann/Documents/C2_s21_stringplus-1/src/tests/test_strncat.c
FN:103,109,strncat_12_fn
FN:112,118,strncat_13_fn
FN:12,18,strncat_2_fn
FN:121,127,strncat_14_fn
FN:130,136,strncat_15_fn
FN:139,162,test_strncat
FN:21,27,strncat_3_fn
FN:3,9,strncat_1_fn
FN:30,36,strncat_4_fn
FN:39,45,strncat_5_fn
FN:48,55,strncat_6_fn
FN:58,64,strncat_7_fn
FN:67,73,strncat_8_fn
FN:76,82,strncat_9_fn
FN:85,91,strncat_10_fn
FN:94,100,strncat_11_fn
FNDA:1,strncat_12_fn
FNDA:1,strncat_13_fn
FNDA:1,strncat_2_fn
FNDA:1,strncat_14_fn
FNDA:1,strncat_15_fn
FNDA:1,test_strncat
FNDA:1,strncat_3_fn
FNDA:1,strncat_1_fn
FNDA:1,strncat_4_fn
FNDA:1,strncat_5_fn
FNDA:1,strncat_6_fn
FNDA:1,strncat_7_fn
FNDA:1,strncat_8_fn
FNDA:1,strncat_9_fn
FNDA:1,strncat_10_fn
FNDA:1,strncat_11_fn
FNF:16
FNH:16
DA:3,1
DA:4,1
DA:5,1
DA:6,1
DA:7,1
DA:8,1
DA:9,1
DA:12,1
DA:13,1
DA:14,1
DA:15,1
DA:16,1
DA:17,1
DA:18,1
DA:21,1
DA:22,1
DA:23,1
DA:24,1
DA:25,1
DA:26,1
DA:27,1
DA:30,1
DA:31,1
DA:32,1
DA:33,1
DA:34,1
DA:35,1
DA:36,1
DA:39,1
DA:40,1
DA:41,1
DA:42,1
DA:43,1
DA:44,1
DA:45,1
DA:48,1
DA:49,1
DA:50,1
DA:51,1
DA:53,1
DA:54,1
DA:55,1
DA:58,1
DA:59,1
DA:60,1
DA:61,1
DA:62,1
DA:63,1
DA:64,1
DA:67,1
DA:68,1
DA:69,1
DA:70,1
DA:71,1
DA:72,1
DA:73,1
DA:76,1
DA:77,1
DA:78,1
DA:79,1
DA:80,1
DA:81,1
DA:82,1
DA:85,1
DA:86,1
DA:87,1
DA:88,1
DA:89,1
DA:90,1
DA:91,1
DA:94,1
DA:95,1
DA:96,1
DA:97,1
DA:98,1
DA:99,1
DA:100,1
DA:103,1
DA:104,1
DA:105,1
DA:106,1
DA:107,1
DA:108,1
DA:109,1
DA:112,1
DA:113,1
DA:114,1
DA:115,1
DA:116,1
DA:117,1
DA:118,1
DA:121,1
DA:122,1
DA:123,1
DA:124,1
DA:125,1
DA:126,1
DA:127,1
DA:130,1
DA:131,1
DA:132,1
DA:133,1
DA:134,1
DA:135,1
DA:136,1
DA:139,1
DA:140,1
DA:141,1
DA:143,1
DA:144,1
DA:145,1
DA:146,1
DA:147,1
DA:148,1
DA:149,1
DA:150,1
DA:151,1
DA:152,1
DA:153,1
DA:154,1
DA:155,1
DA:156,1
DA:157,1
DA:158,1
DA:160,1
DA:161,1
LF:126
LH:126
end_of_record
TN:
SF:/Users/helgaann/Documents/C2_s21_stringplus-1/src/tests/test_strncmp.c
FN:111,128,test_strncmp
FN:15,24,strncmp_2_fn
FN:27,36,strncmp_3_fn
FN:3,12,strncmp_1_fn
FN:39,48,strncmp_4_fn
FN:51,60,strncmp_5_fn
FN:63,72,strncmp_6_fn
FN:75,84,strncmp_7_fn
FN:87,96,strncmp_8_fn
FN:99,108,strncmp_9_fn
FNDA:1,test_strncmp
FNDA:1,strncmp_2_fn
FNDA:1,strncmp_3_fn
FNDA:1,strncmp_1_fn
FNDA:1,strncmp_4_fn
FNDA:1,strncmp_5_fn
FNDA:1,strncmp_6_fn
FNDA:1,strncmp_7_fn
FNDA:1,strncmp_8_fn
FNDA:1,strncmp_9_fn
FNF:10
FNH:10
DA:3,1
DA:4,1
DA:5,1
DA:6,1
DA:7,1
DA:8,1
DA:9,1
DA:10,1
DA:11,1
DA:12,1
DA:15,1
DA:16,1
DA:17,1
DA:18,1
DA:19,1
DA:20,1
DA:21,1
DA:22,1
DA:23,1
DA:24,1
DA:27,1
DA:28,1
DA:29,1
DA:30,1
DA:31,1
DA:32,1
DA:33,1
DA:34,1
DA:35,1
DA:36,1
DA:39,1
DA:40,1
DA:41,1
DA:42,1
DA:43,1
DA:44,1
DA:45,1
DA:46,1
DA:47,1
DA:48,1
DA:51,1
DA:52,1
DA:53,1
DA:54,1
DA:55,1
DA:56,1
DA:57,1
DA:58,1
DA:59,1
DA:60,1
DA:63,1
DA:64,1
DA:65,1
DA:66,1
DA:67,1
DA:68,1
DA:69,1
DA:70,1
DA:71,1
DA:72,1
DA:75,1
DA:76,1
DA:77,1
DA:78,1
DA:79,1
DA:80,1
DA:81,1
DA:82,1
DA:83,1
DA:84,1
DA:87,1
DA:88,1
DA:89,1
DA:90,1
DA:91,1
DA:92,1
DA:93,1
DA:94,1
DA:95,1
DA:96,1
DA:99,1
DA:100,1
DA:101,1
DA:102,1
DA:103,1
DA:104,1
DA:105,1
DA:106,1
DA:107,1
DA:108,1
DA:111,1
DA:112,1
DA:113,1
DA:115,1
DA:116,1
DA:117,1
DA:118,1
DA:119,1
DA:120,1
DA:121,1
DA:122,1
DA:123,1
DA:124,1
DA:126,1
DA:127,1
LF:105
LH:105
end_of_record
TN:
SF:/Users/helgaann/Documents/C2_s21_stringplus-1/src/tests/test_strncpy.c
FN:12,18,strncpy_2_fn
FN:21,27,strncpy_3_fn
FN:3,9,strncpy_1_fn
FN:30,36,strncpy_4_fn
FN:39,46,strncpy_5_fn
FN:49,55,strncpy_6_fn
FN:58,71,test_strncpy
FNDA:1,strncpy_2_fn
FNDA:1,strncpy_3_fn
FNDA:1,strncpy_1_fn
FNDA:1,strncpy_4_fn
FNDA:1,strncpy_5_fn
FNDA:1,strncpy_6_fn
FNDA:1,test_strncpy
FNF:7
FNH:7
DA:3,1
DA:4,1
DA:5,1
DA:6,1
DA:7,1
DA:8,1
DA:9,1
DA:12,1
DA:13,1
DA:14,1
DA:15,1
DA:16,1
DA:17,1
DA:18,1
DA:21,1
DA:22,1
DA:23,1
DA:24,1
DA:25,1
DA:26,1
DA:27,1
DA:30,1
DA:31,1
DA:32,1
DA:33,1
DA:34,1
DA:35,1
DA:36,1
DA:39,1
DA:40,1
DA:41,1
DA:42,1
DA:44,1
DA:45,1
DA:46,1
DA:49,1
DA:50,1
DA:51,1
DA:52,1
DA:53,1
DA:54,1
DA:55,1
DA:58,1
DA:59,1
DA:60,1
DA:62,1
DA:63,1
DA:64,1
DA:65,1
DA:66,1
DA:67,1
DA:69,1
DA:70,1
LF:53
LH:53
end_of_record
TN:
SF:/Users/helgaann/Documents/C2_s21_stringplus-1/src/tests/test_strpbrk.c
FN:10,14,strpbrk_2_fn
FN:17,21,strpbrk_3_fn
FN:24,28,strpbrk_4_fn
FN:3,7,strpbrk_1_fn
FN:31,35,strpbrk_5_fn
FN:38,42,strpbrk_6_fn
FN:45,59,test_strpbrk
FNDA:1,strpbrk_2_fn
FNDA:1,strpbrk_3_fn
FNDA:1,strpbrk_4_fn
FNDA:1,strpbrk_1_fn
FNDA:1,strpbrk_5_fn
FNDA:1,strpbrk_6_fn
FNDA:1,test_strpbrk
FNF:7
FNH:7
DA:3,1
DA:4,1
DA:5,1
DA:6,1
DA:7,1
DA:10,1
DA:11,1
DA:12,1
DA:13,1
DA:14,1
DA:17,1
DA:18,1
DA:19,1
DA:20,1
DA:21,1
DA:24,1
DA:25,1
DA:26,1
DA:27,1
DA:28,1
DA:31,1
DA:32,1
DA:33,1
DA:34,1
DA:35,1
DA:38,1
DA:39,1
DA:40,1
DA:41,1
DA:42,1
DA:45,1
DA:46,1
DA:47,1
DA:49,1
DA:50,1
DA:51,1
DA:52,1
DA:53,1
DA:54,1
DA:55,1
DA:57,1
DA:58,1
LF:42
LH:42
end_of_record
TN:
SF:/Users/helgaann/Documents/C2_s21_stringplus-1/src/tests/test_strrchr.c
FN:10,14,strrchr_2_fn
FN:17,21,strrchr_3_fn
FN:24,28,strrchr_4_fn
FN:3,7,strrchr_1_fn
FN:31,35,strrchr_5_fn
FN:38,42,strrchr_6_fn
FN:45,49,strrchr_7_fn
FN:52,56,strrchr_8_fn
FN:59,75,test_strrchr
FNDA:1,strrchr_2_fn
FNDA:1,strrchr_3_fn
FNDA:1,strrchr_4_fn
FNDA:1,strrchr_1_fn
FNDA:1,strrchr_5_fn
FNDA:1,strrchr_6_fn
FNDA:1,strrchr_7_fn
FNDA:1,strrchr_8_fn
FNDA:1,test_strrchr
FNF:9
FNH:9
DA:3,1
DA:4,1
DA:5,1
DA:6,1
DA:7,1
DA:10,1
DA:11,1
DA:12,1
DA:13,1
DA:14,1
DA:17,1
DA:18,1
DA:19,1
DA:20,1
DA:21,1
DA:24,1
DA:25,1
DA:26,1
DA:27,1
DA:28,1
DA:31,1
DA:32,1
DA:33,1
DA:34,1
DA:35,1
DA:38,1
DA:39,1
DA:40,1
DA:41,1
DA:42,1
DA:45,1
DA:46,1
DA:47,1
DA:48,1
DA:49,1
DA:52,1
DA:53,1
DA:54,1
DA:55,1
DA:56,1
DA:59,1
DA:60,1
DA:61,1
DA:63,1
DA:64,1
DA:65,1
DA:66,1
DA:67,1
DA:68,1
DA:69,1
DA:70,1
DA:71,1
DA:73,1
DA:74,1
LF:54
LH:54
end_of_record
TN:
SF:/Users/helgaann/Documents/C2_s21_stringplus-1/src/tests/test_strspn.c
FN:10,14,strspn_2_fn
FN:17,21,strspn_3_fn
FN:24,28,strspn_4_fn
FN:3,7,strspn_1_fn
FN:31,35,strspn_5_fn
FN:38,42,strspn_6_fn
FN:45,49,strspn_7_fn
FN:52,56,strspn_8_fn
FN:59,63,strspn_9_fn
FN:66,70,strspn_10_fn
FN:73,77,strspn_11_fn
FN:80,84,strspn_12_fn
FN:87,106,test_strspn
FNDA:1,strspn_2_fn
FNDA:1,strspn_3_fn
FNDA:1,strspn_4_fn
FNDA:1,strspn_1_fn
FNDA:1,strspn_5_fn
FNDA:1,strspn_6_fn
FNDA:1,strspn_7_fn
FNDA:1,strspn_8_fn
FNDA:1,strspn_9_fn
FNDA:1,strspn_10_fn
FNDA:1,strspn_11_fn
FNDA:1,strspn_12_fn
FNDA:1,test_strspn
FNF:13
FNH:13
DA:3,1
DA:4,1
DA:5,1
DA:6,1
DA:7,1
DA:10,1
DA:11,1
DA:12,1
DA:13,1
DA:14,1
DA:17,1
DA:18,1
DA:19,1
DA:20,1
DA:21,1
DA:24,1
DA:25,1
DA:26,1
DA:27,1
DA:28,1
DA:31,1
DA:32,1
DA:33,1
DA:34,1
DA:35,1
DA:38,1
DA:39,1
DA:40,1
DA:41,1
DA:42,1
DA:45,1
DA:46,1
DA:47,1
DA:48,1
DA:49,1
DA:52,1
DA:53,1
DA:54,1
DA:55,1
DA:56,1
DA:59,1
DA:60,1
DA:61,1
DA:62,1
DA:63,1
DA:66,1
DA:67,1
DA:68,1
DA:69,1
DA:70,1
DA:73,1
DA:74,1
DA:75,1
DA:76,1
DA:77,1
DA:80,1
DA:81,1
DA:82,1
DA:83,1
DA:84,1
DA:87,1
DA:88,1
DA:89,1
DA:91,1
DA:92,1
DA:93,1
DA:94,1
DA:95,1
DA:96,1
DA:97,1
DA:98,1
DA:99,1
DA:100,1
DA:101,1
DA:102,1
DA:104,1
DA:105,1
LF:77
LH:77
end_of_record
TN:
SF:/Users/helgaann/Documents/C2_s21_stringplus-1/src/tests/test_strstr.c
FN:10,14,strstr_2_fn
FN:17,21,strstr_3_fn
FN:24,29,strstr_4_fn
FN:3,7,strstr_1_fn
FN:32,36,strstr_5_fn
FN:39,43,strstr_6_fn
FN:46,50,strstr_7_fn
FN:53,57,strstr_8_fn
FN:60,64,strstr_9_fn
FN:67,71,strstr_10_fn
FN:74,78,strstr_11_fn
FN:81,85,strstr_12_fn
FN:88,92,strstr_13_fn
FN:95,115,test_strstr
FNDA:1,strstr_2_fn
FNDA:1,strstr_3_fn
FNDA:1,strstr_4_fn
FNDA:1,strstr_1_fn
FNDA:1,strstr_5_fn
FNDA:1,strstr_6_fn
FNDA:1,strstr_7_fn
FNDA:1,strstr_8_fn
FNDA:1,strstr_9_fn
FNDA:1,strstr_10_fn
FNDA:1,strstr_11_fn
FNDA:1,strstr_12_fn
FNDA:1,strstr_13_fn
FNDA:1,test_strstr
FNF:14
FNH:14
DA:3,1
DA:4,1
DA:5,1
DA:6,1
DA:7,1
DA:10,1
DA:11,1
DA:12,1
DA:13,1
DA:14,1
DA:17,1
DA:18,1
DA:19,1
DA:20,1
DA:21,1
DA:24,1
DA:25,1
DA:27,1
DA:28,1
DA:29,1
DA:32,1
DA:33,1
DA:34,1
DA:35,1
DA:36,1
DA:39,1
DA:40,1
DA:41,1
DA:42,1
DA:43,1
DA:46,1
DA:47,1
DA:48,1
DA:49,1
DA:50,1
DA:53,1
DA:54,1
DA:55,1
DA:56,1
DA:57,1
DA:60,1
DA:61,1
DA:62,1
DA:63,1
DA:64,1
DA:67,1
DA:68,1
DA:69,1
DA:70,1
DA:71,1
DA:74,1
DA:75,1
DA:76,1
DA:77,1
DA:78,1
DA:81,1
DA:82,1
DA:83,1
DA:84,1
DA:85,1
DA:88,1
DA:89,1
DA:90,1
DA:91,1
DA:92,1
DA:95,1
DA:96,1
DA:97,1
DA:99,1
DA:100,1
DA:101,1
DA:102,1
DA:103,1
DA:104,1
DA:105,1
DA:106,1
DA:107,1
DA:108,1
DA:109,1
DA:110,1
DA:111,1
DA:113,1
DA:114,1
LF:83
LH:83
end_of_record
TN:
SF:/Users/helgaann/Documents/C2_s21_stringplus-1/src/tests/test_strtok.c
FN:100,114,strtok_13_fn
FN:11,16,strtok_2_fn
FN:117,131,strtok_14_fn
FN:134,148,strtok_15_fn
FN:151,166,strtok_16_fn
FN:169,178,strtok_17_fn
FN:181,192,strtok_18_fn
FN:19,24,strtok_3_fn
FN:195,208,strtok_19_fn
FN:211,222,strtok_20_fn
FN:225,252,test_strtok
FN:27,32,strtok_4_fn
FN:3,8,strtok_1_fn
FN:35,40,strtok_5_fn
FN:43,49,strtok_6_fn
FN:52,57,strtok_7_fn
FN:60,65,strtok_8_fn
FN:68,73,strtok_9_fn
FN:76,81,strtok_10_fn
FN:92,97,strtok_12_fn
FNDA:1,strtok_13_fn
FNDA:1,strtok_2_fn
FNDA:1,strtok_14_fn
FNDA:1,strtok_15_fn
FNDA:1,strtok_16_fn
FNDA:1,strtok_17_fn
FNDA:1,strtok_18_fn
FNDA:1,strtok_3_fn
FNDA:1,strtok_19_fn
FNDA:1,strtok_20_fn
FNDA:1,test_strtok
FNDA:1,strtok_4_fn
FNDA:1,strtok_1_fn
FNDA:1,strtok_5_fn
FNDA:1,strtok_6_fn
FNDA:1,strtok_7_fn
FNDA:1,strtok_8_fn
FNDA:1,strtok_9_fn
FNDA:1,strtok_10_fn
FNDA:1,strtok_12_fn
FNF:20
FNH:20
DA:3,1
DA:4,1
DA:5,1
DA:6,1
DA:7,1
DA:8,1
DA:11,1
DA:12,1
DA:13,1
DA:14,1
DA:15,1
DA:16,1
DA:19,1
DA:20,1
DA:21,1
DA:22,1
DA:23,1
DA:24,1
DA:27,1
DA:28,1
DA:29,1
DA:30,1
DA:31,1
DA:32,1
DA:35,1
DA:36,1
DA:37,1
DA:38,1
DA:39,1
DA:40,1
DA:43,1
DA:44,1
DA:45,1
DA:46,1
DA:48,1
DA:49,1
DA:52,1
DA:53,1
DA:54,1
DA:55,1
DA:56,1
DA:57,1
DA:60,1
DA:61,1
DA:62,1
DA:63,1
DA:64,1
DA:65,1
DA:68,1
DA:69,1
DA:70,1
DA:71,1
DA:72,1
DA:73,1
DA:76,1
DA:77,1
DA:78,1
DA:79,1
DA:80,1
DA:81,1
DA:92,1
DA:93,1
DA:94,1
DA:95,1
DA:96,1
DA:97,1
DA:100,1
DA:101,1
DA:102,1
DA:103,1
DA:104,1
DA:105,1
DA:107,1
DA:108,6
DA:109,5
DA:111,1
DA:112,1
DA:113,1
DA:114,1
DA:117,1
DA:118,1
DA:119,1
DA:120,1
DA:121,1
DA:122,1
DA:124,1
DA:125,6
DA:126,5
DA:128,1
DA:129,1
DA:130,1
DA:131,1
DA:134,1
DA:135,1
DA:136,1
DA:137,1
DA:138,1
DA:139,1
DA:141,1
DA:142,6
DA:143,5
DA:145,1
DA:146,1
DA:147,1
DA:148,1
DA:151,1
DA:152,1
DA:153,1
DA:154,1
DA:155,1
DA:156,1
DA:157,1
DA:159,1
DA:160,6
DA:161,5
DA:163,1
DA:164,1
DA:165,1
DA:166,1
DA:169,1
DA:170,1
DA:171,1
DA:172,1
DA:173,1
DA:174,1
DA:175,1
DA:176,1
DA:177,1
DA:178,1
DA:181,1
DA:182,1
DA:183,1
DA:184,1
DA:185,1
DA:186,1
DA:187,1
DA:188,1
DA:189,1
DA:190,1
DA:191,1
DA:192,1
DA:195,1
DA:196,1
DA:197,1
DA:198,1
DA:199,1
DA:200,1
DA:202,1
DA:203,1
DA:205,1
DA:206,1
DA:207,1
DA:208,1
DA:211,1
DA:212,1
DA:213,1
DA:214,1
DA:215,1
DA:216,1
DA:217,1
DA:218,1
DA:219,1
DA:220,1
DA:221,1
DA:222,1
DA:225,1
DA:226,1
DA:227,1
DA:229,1
DA:230,1
DA:231,1
DA:232,1
DA:233,1
DA:234,1
DA:235,1
DA:236,1
DA:237,1
DA:238,1
DA:240,1
DA:241,1
DA:242,1
DA:243,1
DA:244,1
DA:245,1
DA:246,1
DA:247,1
DA:248,1
DA:250,1
DA:251,1
LF:189
LH:189
end_of_record
TN:
SF:/Users/helgaann/Documents/C2_s21_stringplus-1/src/tests/test_to_lower.c
FN:12,18,test_to_lower_2_fn
FN:21,27,test_to_lower_3_fn
FN:3,9,test_to_lower_1_fn
FN:30,36,test_to_lower_4_fn
FN:39,45,test_to_lower_5_fn
FN:48,54,test_to_lower_6_fn
FN:57,63,test_to_lower_7_fn
FN:66,81,test_to_lower
FNDA:1,test_to_lower_2_fn
FNDA:1,test_to_lower_3_fn
FNDA:1,test_to_lower_1_fn
FNDA:1,test_to_lower_4_fn
FNDA:1,test_to_lower_5_fn
FNDA:1,test_to_lower_6_fn
FNDA:1,test_to_lower_7_fn
FNDA:1,test_to_lower
FNF:8
FNH:8
DA:3,1
DA:4,1
DA:5,1
DA:6,1
DA:7,1
DA:8,1
DA:9,1
DA:12,1
DA:13,1
DA:14,1
DA:15,1
DA:16,1
DA:17,1
DA:18,1
DA:21,1
DA:22,1
DA:23,1
DA:24,1
DA:25,1
DA:26,1
DA:27,1
DA:30,1
DA:31,1
DA:32,1
DA:33,1
DA:34,1
DA:35,1
DA:36,1
DA:39,1
DA:40,1
DA:41,1
DA:42,1
DA:43,1
DA:44,1
DA:45,1
DA:48,1
DA:49,1
DA:50,1
DA:51,1
DA:52,1
DA:53,1
DA:54,1
DA:57,1
DA:58,1
DA:59,1
DA:60,1
DA:61,1
DA:62,1
DA:63,1
DA:66,1
DA:67,1
DA:68,1
DA:70,1
DA:71,1
DA:72,1
DA:73,1
DA:74,1
DA:75,1
DA:76,1
DA:77,1
DA:79,1
DA:80,1
LF:62
LH:62
end_of_record
TN:
SF:/Users/helgaann/Documents/C2_s21_stringplus-1/src/tests/test_to_upper.c
FN:12,18,test_to_upper_2_fn
FN:21,27,test_to_upper_3_fn
FN:3,9,test_to_upper_1_fn
FN:30,36,test_to_upper_4_fn
FN:39,45,test_to_upper_5_fn
FN:48,54,test_to_upper_6_fn
FN:57,63,test_to_upper_7_fn
FN:66,81,test_to_upper
FNDA:1,test_to_upper_2_fn
FNDA:1,test_to_upper_3_fn
FNDA:1,test_to_upper_1_fn
FNDA:1,test_to_upper_4_fn
FNDA:1,test_to_upper_5_fn
FNDA:1,test_to_upper_6_fn
FNDA:1,test_to_upper_7_fn
FNDA:1,test_to_upper
FNF:8
FNH:8
DA:3,1
DA:4,1
DA:5,1
DA:6,1
DA:7,1
DA:8,1
DA:9,1
DA:12,1
DA:13,1
DA:14,1
DA:15,1
DA:16,1
DA:17,1
DA:18,1
DA:21,1
DA:22,1
DA:23,1
DA:24,1
DA:25,1
DA:26,1
DA:27,1
DA:30,1
DA:31,1
DA:32,1
DA:33,1
DA:34,1
DA:35,1
DA:36,1
DA:39,1
DA:40,1
DA:41,1
DA:42,1
DA:43,1
DA:44,1
DA:45,1
DA:48,1
DA:49,1
DA:50,1
DA:51,1
DA:52,1
DA:53,1
DA:54,1
DA:57,1
DA:58,1
DA:59,1
DA:60,1
DA:61,1
DA:62,1
DA:63,1
DA:66,1
DA:67,1
DA:68,1
DA:70,1
DA:71,1
DA:72,1
DA:73,1
DA:74,1
DA:75,1
DA:76,1
DA:77,1
DA:79,1
DA:80,1
LF:62
LH:62
end_of_record
TN:
SF:/Users/helgaann/Documents/C2_s21_stringplus-1/src/tests/test_trim.c
FN:13,20,test_trim_2_fn
FN:23,30,test_trim_3_fn
FN:3,10,test_trim_1_fn
FN:33,40,test_trim_4_fn
FN:43,50,test_trim_5_fn
FN:53,60,test_trim_6_fn
FN:63,70,test_trim_7_fn
FN:73,80,test_trim_8_fn
FN:83,90,test_trim_9_fn
FN:93,109,test_trim
FNDA:1,test_trim_2_fn
FNDA:1,test_trim_3_fn
FNDA:1,test_trim_1_fn
FNDA:1,test_trim_4_fn
FNDA:1,test_trim_5_fn
FNDA:1,test_trim_6_fn
FNDA:1,test_trim_7_fn
FNDA:1,test_trim_8_fn
FNDA:1,test_trim_9_fn
FNDA:1,test_trim
FNF:10
FNH:10
DA:3,1
DA:4,1
DA:5,1
DA:6,1
DA:7,1
DA:8,1
DA:9,1
DA:10,1
DA:13,1
DA:14,1
DA:15,1
DA:16,1
DA:17,1
DA:18,1
DA:19,1
DA:20,1
DA:23,1
DA:24,1
DA:25,1
DA:26,1
DA:27,1
DA:28,1
DA:29,1
DA:30,1
DA:33,1
DA:34,1
DA:35,1
DA:36,1
DA:37,1
DA:38,1
DA:39,1
DA:40,1
DA:43,1
DA:44,1
DA:45,1
DA:46,1
DA:47,1
DA:48,1
DA:49,1
DA:50,1
DA:53,1
DA:54,1
DA:55,1
DA:56,1
DA:57,1
DA:58,1
DA:59,1
DA:60,1
DA:63,1
DA:64,1
DA:65,1
DA:66,1
DA:67,1
DA:68,1
DA:69,1
DA:70,1
DA:73,1
DA:74,1
DA:75,1
DA:76,1
DA:77,1
DA:78,1
DA:79,1
DA:80,1
DA:83,1
DA:84,1
DA:85,1
DA:86,1
DA:87,1
DA:88,1
DA:89,1
DA:90,1
DA:93,1
DA:94,1
DA:95,1
DA:97,1
DA:98,1
DA:99,1
DA:100,1
DA:101,1
DA:102,1
DA:103,1
DA:104,1
DA:105,1
DA:107,1
DA:108,1
LF:86
LH:86
end_of_record
